app/build/outputs/logs/manifest-merger-debug-report.txt
-- Merging decision tree log ---
manifest
ADDED from AndroidManifest.xml:17:1
	package
		ADDED from AndroidManifest.xml:18:5
		INJECTED from AndroidManifest.xml:0:0
		INJECTED from AndroidManifest.xml:0:0
	android:versionName
		ADDED from AndroidManifest.xml:20:5
	android:versionCode
		ADDED from AndroidManifest.xml:19:5
		INJECTED from AndroidManifest.xml:0:0
		INJECTED from AndroidManifest.xml:0:0
	xmlns:android
		ADDED from AndroidManifest.xml:17:11
uses-sdk
ADDED from AndroidManifest.xml:22:5
MERGED from Video Vocabulary:youkuPlayerOpenSDK:unspecified:7:5
	android:targetSdkVersion
		ADDED from AndroidManifest.xml:22:42
		INJECTED from AndroidManifest.xml:0:0
		INJECTED from AndroidManifest.xml:0:0
	android:minSdkVersion
		ADDED from AndroidManifest.xml:22:15
		INJECTED from AndroidManifest.xml:0:0
		INJECTED from AndroidManifest.xml:0:0
uses-permission#android.permission.SYSTEM_ALERT_WINDOW
ADDED from AndroidManifest.xml:24:5
	android:name
		ADDED from AndroidManifest.xml:24:22
uses-permission#android.permission.WRITE_EXTERNAL_STORAGE
ADDED from AndroidManifest.xml:26:5
	android:name
		ADDED from AndroidManifest.xml:26:22
uses-permission#android.permission.INTERNET
ADDED from AndroidManifest.xml:27:5
	android:name
		ADDED from AndroidManifest.xml:27:22
uses-permission#com.android.launcher.permission.INSTALL_SHORTCUT
ADDED from AndroidManifest.xml:28:5
	android:name
		ADDED from AndroidManifest.xml:28:22
uses-permission#android.permission.ACCESS_NETWORK_STATE
ADDED from AndroidManifest.xml:30:5
	android:name
		ADDED from AndroidManifest.xml:30:22
uses-permission#android.permission.ACCESS_WIFI_STATE
ADDED from AndroidManifest.xml:31:5
	android:name
		ADDED from AndroidManifest.xml:31:22
uses-permission#android.permission.READ_PHONE_STATE
ADDED from AndroidManifest.xml:33:5
	android:name
		ADDED from AndroidManifest.xml:33:22
uses-permission#android.permission.VIBRATE
ADDED from AndroidManifest.xml:34:5
	android:name
		ADDED from AndroidManifest.xml:34:22
uses-permission#android.permission.CAMERA
ADDED from AndroidManifest.xml:35:5
	android:name
		ADDED from AndroidManifest.xml:35:22
uses-permission#android.permission.WAKE_LOCK
ADDED from AndroidManifest.xml:39:5
	android:name
		ADDED from AndroidManifest.xml:39:22
uses-permission#com.android.launcher.permission.READ_SETTINGS
ADDED from AndroidManifest.xml:40:5
	android:name
		ADDED from AndroidManifest.xml:40:22
uses-permission#android.permission.CHANGE_WIFI_MULTICAST_STATE
ADDED from AndroidManifest.xml:46:5
	android:name
		ADDED from AndroidManifest.xml:46:22
uses-permission#android.permission.ACCESS_FINE_LOCATION
ADDED from AndroidManifest.xml:47:5
	android:name
		ADDED from AndroidManifest.xml:47:22
uses-permission#android.permission.ACCESS_COARSE_LOCATION
ADDED from AndroidManifest.xml:48:5
	android:name
		ADDED from AndroidManifest.xml:48:22
uses-permission#android.permission.GET_TASKS
ADDED from AndroidManifest.xml:49:5
	android:name
		ADDED from AndroidManifest.xml:49:22
application
ADDED from AndroidManifest.xml:51:5
MERGED from Video Vocabulary:youkuPlayerOpenSDK:unspecified:11:5
	android:label
		ADDED from AndroidManifest.xml:53:9
	android:icon
		ADDED from AndroidManifest.xml:54:9
	android:allowBackup
		ADDED from Video Vocabulary:youkuPlayerOpenSDK:unspecified:12:9
	android:theme
		ADDED from AndroidManifest.xml:55:9
	android:name
		ADDED from AndroidManifest.xml:52:9
activity#kz.algakzru.youtubevideovocabulary.MainActivity
ADDED from AndroidManifest.xml:57:9
	android:screenOrientation
		ADDED from AndroidManifest.xml:61:13
	android:label
		ADDED from AndroidManifest.xml:58:13
	android:configChanges
		ADDED from AndroidManifest.xml:60:13
	android:name
		ADDED from AndroidManifest.xml:59:13
meta-data#@string/isLaunchableActivity
ADDED from AndroidManifest.xml:62:13
	android:value
		ADDED from AndroidManifest.xml:62:68
	android:name
		ADDED from AndroidManifest.xml:62:24
activity#kz.algakzru.youtubevideovocabulary.VideoWallDemoActivity
ADDED from AndroidManifest.xml:75:9
	android:screenOrientation
		ADDED from AndroidManifest.xml:78:13
	android:label
		ADDED from AndroidManifest.xml:76:13
	android:configChanges
		ADDED from AndroidManifest.xml:80:13
	android:theme
		ADDED from AndroidManifest.xml:79:13
	android:name
		ADDED from AndroidManifest.xml:77:13
meta-data#@string/minVersion
ADDED from AndroidManifest.xml:81:13
	android:value
		ADDED from AndroidManifest.xml:81:58
	android:name
		ADDED from AndroidManifest.xml:81:24
activity#kz.algakzru.youtubevideovocabulary.VideoListActivityYouku
ADDED from AndroidManifest.xml:85:9
	android:screenOrientation
		ADDED from AndroidManifest.xml:89:13
	android:label
		ADDED from AndroidManifest.xml:86:13
	android:configChanges
		ADDED from AndroidManifest.xml:88:13
	android:name
		ADDED from AndroidManifest.xml:87:13
intent-filter#android.intent.action.MAIN+android.intent.category.LAUNCHER
ADDED from AndroidManifest.xml:91:13
action#android.intent.action.MAIN
ADDED from AndroidManifest.xml:92:17
	android:name
		ADDED from AndroidManifest.xml:92:25
category#android.intent.category.LAUNCHER
ADDED from AndroidManifest.xml:93:17
	android:name
		ADDED from AndroidManifest.xml:93:27
activity#kz.algakzru.youtubevideovocabulary.VideoListActivity
ADDED from AndroidManifest.xml:98:9
	android:screenOrientation
		ADDED from AndroidManifest.xml:102:13
	android:label
		ADDED from AndroidManifest.xml:99:13
	android:parentActivityName
		ADDED from AndroidManifest.xml:103:13
	android:configChanges
		ADDED from AndroidManifest.xml:101:13
	android:name
		ADDED from AndroidManifest.xml:100:13
activity#kz.algakzru.youtubevideovocabulary.StudyActivity
ADDED from AndroidManifest.xml:108:9
	android:screenOrientation
		ADDED from AndroidManifest.xml:112:13
	android:label
		ADDED from AndroidManifest.xml:110:13
	android:parentActivityName
		ADDED from AndroidManifest.xml:113:13
	android:configChanges
		ADDED from AndroidManifest.xml:111:13
	android:name
		ADDED from AndroidManifest.xml:109:13
activity#kz.algakzru.youtubevideovocabulary.PracticeActivity
ADDED from AndroidManifest.xml:117:9
	android:screenOrientation
		ADDED from AndroidManifest.xml:121:13
	android:label
		ADDED from AndroidManifest.xml:119:13
	android:parentActivityName
		ADDED from AndroidManifest.xml:122:13
	android:configChanges
		ADDED from AndroidManifest.xml:120:13
	android:name
		ADDED from AndroidManifest.xml:118:13
activity#kz.algakzru.youtubevideovocabulary.PlayerActivity
ADDED from AndroidManifest.xml:127:9
	android:screenOrientation
		ADDED from AndroidManifest.xml:131:13
	android:launchMode
		ADDED from AndroidManifest.xml:132:13
	android:exported
		ADDED from AndroidManifest.xml:133:13
	android:configChanges
		ADDED from AndroidManifest.xml:130:13
	android:theme
		ADDED from AndroidManifest.xml:129:13
	android:name
		ADDED from AndroidManifest.xml:128:13
activity#kz.algakzru.youtubevideovocabulary.StudyActivityYouku
ADDED from AndroidManifest.xml:136:9
	android:screenOrientation
		ADDED from AndroidManifest.xml:140:13
	android:label
		ADDED from AndroidManifest.xml:138:13
	android:parentActivityName
		ADDED from AndroidManifest.xml:141:13
	android:configChanges
		ADDED from AndroidManifest.xml:139:13
	android:name
		ADDED from AndroidManifest.xml:137:13
activity#kz.algakzru.youtubevideovocabulary.PlayerViewDemoActivity
ADDED from AndroidManifest.xml:155:9
	android:screenOrientation
		ADDED from AndroidManifest.xml:158:13
	android:label
		ADDED from AndroidManifest.xml:156:13
	android:configChanges
		ADDED from AndroidManifest.xml:159:13
	android:name
		ADDED from AndroidManifest.xml:157:13
activity#kz.algakzru.youtubevideovocabulary.FragmentDemoActivity
ADDED from AndroidManifest.xml:164:9
	android:screenOrientation
		ADDED from AndroidManifest.xml:167:13
	android:label
		ADDED from AndroidManifest.xml:165:13
	android:configChanges
		ADDED from AndroidManifest.xml:168:13
	android:name
		ADDED from AndroidManifest.xml:166:13
activity#kz.algakzru.youtubevideovocabulary.PlayerControlsDemoActivity
ADDED from AndroidManifest.xml:173:9
	android:label
		ADDED from AndroidManifest.xml:174:13
	android:windowSoftInputMode
		ADDED from AndroidManifest.xml:176:13
	android:name
		ADDED from AndroidManifest.xml:175:13
activity#kz.algakzru.youtubevideovocabulary.FullscreenDemoActivity
ADDED from AndroidManifest.xml:181:9
	android:screenOrientation
		ADDED from AndroidManifest.xml:184:13
	android:label
		ADDED from AndroidManifest.xml:182:13
	android:configChanges
		ADDED from AndroidManifest.xml:185:13
	android:theme
		ADDED from AndroidManifest.xml:186:13
	android:name
		ADDED from AndroidManifest.xml:183:13
activity#kz.algakzru.youtubevideovocabulary.ActionBarDemoActivity
ADDED from AndroidManifest.xml:191:9
	android:screenOrientation
		ADDED from AndroidManifest.xml:196:13
	android:label
		ADDED from AndroidManifest.xml:192:13
	android:configChanges
		ADDED from AndroidManifest.xml:194:13
	android:theme
		ADDED from AndroidManifest.xml:195:13
	android:name
		ADDED from AndroidManifest.xml:193:13
activity#kz.algakzru.youtubevideovocabulary.StandalonePlayerDemoActivity
ADDED from AndroidManifest.xml:201:9
	android:label
		ADDED from AndroidManifest.xml:202:13
	android:name
		ADDED from AndroidManifest.xml:203:13
activity#kz.algakzru.youtubevideovocabulary.IntentsDemoActivity
ADDED from AndroidManifest.xml:208:9
	android:label
		ADDED from AndroidManifest.xml:209:13
	android:name
		ADDED from AndroidManifest.xml:210:13
service#kz.algakzru.youtubevideovocabulary.util.OverlayService
ADDED from AndroidManifest.xml:215:9
	android:label
		ADDED from AndroidManifest.xml:217:13
	android:name
		ADDED from AndroidManifest.xml:216:13
meta-data#client_id
ADDED from AndroidManifest.xml:221:9
	android:value
		ADDED from AndroidManifest.xml:221:45
	android:name
		ADDED from AndroidManifest.xml:221:20
meta-data#client_secret
ADDED from AndroidManifest.xml:222:9
	android:value
		ADDED from AndroidManifest.xml:222:49
	android:name
		ADDED from AndroidManifest.xml:222:20
activity#com.youku.ui.activity.CachePageActivity
ADDED from Video Vocabulary:youkuPlayerOpenSDK:unspecified:14:9
	android:launchMode
		ADDED from Video Vocabulary:youkuPlayerOpenSDK:unspecified:17:13
	android:exported
		ADDED from Video Vocabulary:youkuPlayerOpenSDK:unspecified:16:13
	android:windowSoftInputMode
		ADDED from Video Vocabulary:youkuPlayerOpenSDK:unspecified:18:13
	android:name
		ADDED from Video Vocabulary:youkuPlayerOpenSDK:unspecified:15:13
intent-filter#android.intent.action.VIEW+android.intent.category.BROWSABLE+android.intent.category.DEFAULT
ADDED from Video Vocabulary:youkuPlayerOpenSDK:unspecified:19:13
action#android.intent.action.VIEW
ADDED from Video Vocabulary:youkuPlayerOpenSDK:unspecified:20:17
	android:name
		ADDED from Video Vocabulary:youkuPlayerOpenSDK:unspecified:20:25
category#android.intent.category.DEFAULT
ADDED from Video Vocabulary:youkuPlayerOpenSDK:unspecified:22:17
	android:name
		ADDED from Video Vocabulary:youkuPlayerOpenSDK:unspecified:22:27
category#android.intent.category.BROWSABLE
ADDED from Video Vocabulary:youkuPlayerOpenSDK:unspecified:23:17
	android:name
		ADDED from Video Vocabulary:youkuPlayerOpenSDK:unspecified:23:27
data
ADDED from Video Vocabulary:youkuPlayerOpenSDK:unspecified:25:17
	android:host
		ADDED from Video Vocabulary:youkuPlayerOpenSDK:unspecified:26:21
	android:scheme
		ADDED from Video Vocabulary:youkuPlayerOpenSDK:unspecified:27:21
activity#com.youku.ui.activity.CacheSeriesActivity
ADDED from Video Vocabulary:youkuPlayerOpenSDK:unspecified:30:9
	android:launchMode
		ADDED from Video Vocabulary:youkuPlayerOpenSDK:unspecified:33:13
	android:windowSoftInputMode
		ADDED from Video Vocabulary:youkuPlayerOpenSDK:unspecified:34:13
	android:configChanges
		ADDED from Video Vocabulary:youkuPlayerOpenSDK:unspecified:32:13
	android:name
		ADDED from Video Vocabulary:youkuPlayerOpenSDK:unspecified:31:13
activity#com.youku.ui.activity.CacheActivity
ADDED from Video Vocabulary:youkuPlayerOpenSDK:unspecified:36:9
	android:launchMode
		ADDED from Video Vocabulary:youkuPlayerOpenSDK:unspecified:39:13
	android:windowSoftInputMode
		ADDED from Video Vocabulary:youkuPlayerOpenSDK:unspecified:40:13
	android:configChanges
		ADDED from Video Vocabulary:youkuPlayerOpenSDK:unspecified:38:13
	android:name
		ADDED from Video Vocabulary:youkuPlayerOpenSDK:unspecified:37:13